<?xml version="1.0" encoding="UTF-8" standalone="yes"?><!DOCTYPE report PUBLIC "-//JACOCO//DTD Report 1.1//EN" "report.dtd"><report name="abstractdatatype"><sessioninfo id="LAPTOP-L0N96BV6-69c1d0aa" start="1777546521259" dump="1777546523493"/><sessioninfo id="LAPTOP-L0N96BV6-6e67f00e" start="1777546710896" dump="1777546713429"/><sessioninfo id="LAPTOP-L0N96BV6-62b38d76" start="1777546833665" dump="1777546835787"/><sessioninfo id="LAPTOP-L0N96BV6-33f362a9" start="1777546945872" dump="1777546948114"/><sessioninfo id="LAPTOP-L0N96BV6-48f1343c" start="1777546960274" dump="1777546962546"/><sessioninfo id="LAPTOP-L0N96BV6-5edf84a6" start="1778001187248" dump="1778001189780"/><sessioninfo id="LAPTOP-L0N96BV6-12fef586" start="1778001408837" dump="1778001411179"/><sessioninfo id="LAPTOP-L0N96BV6-1bddccc5" start="1778001423638" dump="1778001425771"/><sessioninfo id="LAPTOP-L0N96BV6-1c3aa81a" start="1778001450540" dump="1778001453328"/><package name="es/unican/is2"><class name="es/unican/is2/ConjuntoOrdenado" sourcefilename="ConjuntoOrdenado.java"><method name="&lt;init&gt;" desc="()V" line="11"><counter type="INSTRUCTION" missed="0" covered="8"/><counter type="LINE" missed="0" covered="2"/><counter type="COMPLEXITY" missed="0" covered="1"/><counter type="METHOD" missed="0" covered="1"/></method><method name="get" desc="(I)Ljava/lang/Comparable;" line="16"><counter type="INSTRUCTION" missed="0" covered="6"/><counter type="LINE" missed="0" covered="1"/><counter type="COMPLEXITY" missed="0" covered="1"/><counter type="METHOD" missed="0" covered="1"/></method><method name="add" desc="(Ljava/lang/Comparable;)Z" line="20"><counter type="INSTRUCTION" missed="0" covered="49"/><counter type="BRANCH" missed="0" covered="12"/><counter type="LINE" missed="0" covered="10"/><counter type="COMPLEXITY" missed="0" covered="7"/><counter type="METHOD" missed="0" covered="1"/></method><method name="remove" desc="(I)Ljava/lang/Comparable;" line="36"><counter type="INSTRUCTION" missed="0" covered="8"/><counter type="LINE" missed="0" covered="2"/><counter type="COMPLEXITY" missed="0" covered="1"/><counter type="METHOD" missed="0" covered="1"/></method><method name="size" desc="()I" line="41"><counter type="INSTRUCTION" missed="0" covered="4"/><counter type="LINE" missed="0" covered="1"/><counter type="COMPLEXITY" missed="0" covered="1"/><counter type="METHOD" missed="0" covered="1"/></method><method name="clear" desc="()V" line="45"><counter type="INSTRUCTION" missed="0" covered="4"/><counter type="LINE" missed="0" covered="2"/><counter type="COMPLEXITY" missed="0" covered="1"/><counter type="METHOD" missed="0" covered="1"/></method><counter type="INSTRUCTION" missed="0" covered="79"/><counter type="BRANCH" missed="0" covered="12"/><counter type="LINE" missed="0" covered="18"/><counter type="COMPLEXITY" missed="0" covered="12"/><counter type="METHOD" missed="0" covered="6"/><counter type="CLASS" missed="0" covered="1"/></class><sourcefile name="ConjuntoOrdenado.java"><line nr="11" mi="0" ci="3" mb="0" cb="0"/><line nr="13" mi="0" ci="5" mb="0" cb="0"/><line nr="16" mi="0" ci="6" mb="0" cb="0"/><line nr="20" mi="0" ci="2" mb="0" cb="0"/><line nr="21" mi="0" ci="2" mb="0" cb="2"/><line nr="22" mi="0" ci="4" mb="0" cb="0"/><line nr="23" mi="0" ci="4" mb="0" cb="2"/><line nr="24" mi="0" ci="14" mb="0" cb="4"/><line nr="25" mi="0" ci="1" mb="0" cb="0"/><line nr="28" mi="0" ci="13" mb="0" cb="4"/><line nr="29" mi="0" ci="2" mb="0" cb="0"/><line nr="31" mi="0" ci="5" mb="0" cb="0"/><line nr="32" mi="0" ci="2" mb="0" cb="0"/><line nr="36" mi="0" ci="6" mb="0" cb="0"/><line nr="37" mi="0" ci="2" mb="0" cb="0"/><line nr="41" mi="0" ci="4" mb="0" cb="0"/><line nr="45" mi="0" ci="3" mb="0" cb="0"/><line nr="46" mi="0" ci="1" mb="0" cb="0"/><counter type="INSTRUCTION" missed="0" covered="79"/><counter type="BRANCH" missed="0" covered="12"/><counter type="LINE" missed="0" covered="18"/><counter type="COMPLEXITY" missed="0" covered="12"/><counter type="METHOD" missed="0" covered="6"/><counter type="CLASS" missed="0" covered="1"/></sourcefile><counter type="INSTRUCTION" missed="0" covered="79"/><counter type="BRANCH" missed="0" covered="12"/><counter type="LINE" missed="0" covered="18"/><counter type="COMPLEXITY" missed="0" covered="12"/><counter type="METHOD" missed="0" covered="6"/><counter type="CLASS" missed="0" covered="1"/></package><counter type="INSTRUCTION" missed="0" covered="79"/><counter type="BRANCH" missed="0" covered="12"/><counter type="LINE" missed="0" covered="18"/><counter type="COMPLEXITY" missed="0" covered="12"/><counter type="METHOD" missed="0" covered="6"/><counter type="CLASS" missed="0" covered="1"/></report>